/home/sagemaker-user/ShinkaEvolve/.venv/lib/python3.11/site-packages/instructor/providers/gemini/client.py:5: FutureWarning: 

All support for the `google.generativeai` package has ended. It will no longer be receiving 
updates or bug fixes. Please switch to the `google.genai` package as soon as possible.
See README for more details:

https://github.com/google-gemini/deprecated-generative-ai-python/blob/main/README.md

  import google.generativeai as genai  # type: ignore[import-not-found]
[I 2026-02-14 21:51:49,298] A new study created in memory with name: no-name-81a55197-49be-4000-906a-e6a95cf2964f
[I 2026-02-14 21:51:50,315] Trial 0 finished with value: 0.00014987725740889883 and parameters: {'param_0': -1.3762512802349893, 'param_1': -0.6142795840676767, 'param_2': -0.8541965580378847, 'param_3': 1.5742460784688261, 'param_4': -1.3468401802898695, 'param_5': -1.2181539947429614, 'param_6': 0.45932463434278903, 'param_7': 1.1408362037435502, 'param_8': 0.222209917266313, 'param_9': -1.555901755348183, 'param_10': -1.2758303781469005, 'param_11': -1.0802473983146252, 'param_12': -0.6007028498849816, 'param_13': 1.8224400803967975, 'param_14': 0.6008588714391552, 'param_15': 0.31199919574152535, 'param_16': 1.768118163163999, 'param_17': 0.8541414332622499, 'param_18': 1.2703316350918796, 'param_19': 1.3667862498565988}. Best is trial 0 with value: 0.00014987725740889883.
[I 2026-02-14 21:51:50,318] Trial 1 finished with value: 0.00011780423799714625 and parameters: {'param_0': -1.8883801273708847, 'param_1': -0.9973113690102449, 'param_2': 1.943004731717704, 'param_3': -0.2096980213239843, 'param_4': 1.434283138576368, 'param_5': -0.5760275888442772, 'param_6': 1.5514900808810768, 'param_7': 0.3038339389658802, 'param_8': -0.9792149429338286, 'param_9': -1.2963329966777795, 'param_10': 1.1795605375291474, 'param_11': 1.6260362967412059, 'param_12': -0.6702941839535881, 'param_13': 1.8047467042529792, 'param_14': -0.7157945916771391, 'param_15': -1.6854802426198745, 'param_16': -1.2964955901417845, 'param_17': -0.1726147586682547, 'param_18': -1.6304112973807818, 'param_19': -0.21918007840336307}. Best is trial 0 with value: 0.00014987725740889883.
[I 2026-02-14 21:51:50,321] Trial 2 finished with value: 0.00012262610152008382 and parameters: {'param_0': 0.5951525838575713, 'param_1': 0.41514809349530113, 'param_2': 1.2375624301805646, 'param_3': 0.5831362712648649, 'param_4': -0.004882451821125233, 'param_5': -0.7589131324402452, 'param_6': 1.256695153332256, 'param_7': -0.136423294988687, 'param_8': -1.5593228964062735, 'param_9': 0.6652615425411414, 'param_10': 0.5798936719372576, 'param_11': 1.329721932539841, 'param_12': -1.836112734864325, 'param_13': -0.5035282843673241, 'param_14': 0.8731113488640432, 'param_15': -1.8172710468259448, 'param_16': 0.9617000535790248, 'param_17': 1.2075419226503294, 'param_18': -1.277504541583487, 'param_19': -1.3133140123082185}. Best is trial 0 with value: 0.00014987725740889883.
[I 2026-02-14 21:51:50,323] Trial 3 finished with value: 0.00014405518383646382 and parameters: {'param_0': -1.7489400684850342, 'param_1': -1.9192242637449146, 'param_2': 1.1421173903356037, 'param_3': 0.9568774637206383, 'param_4': 1.4055808448551512, 'param_5': 0.8324554379390054, 'param_6': 1.7486681422056618, 'param_7': 1.4019120921451993, 'param_8': 1.0617385814450535, 'param_9': -1.68508903856562, 'param_10': -0.09525975377395524, 'param_11': -1.0938494740864089, 'param_12': 1.3453095126231478, 'param_13': 0.28324021296305624, 'param_14': 1.372923533702855, 'param_15': 0.8390929730746248, 'param_16': -0.3386885410419751, 'param_17': 0.5666682249508987, 'param_18': 1.7149379961416646, 'param_19': -1.9829503055712587}. Best is trial 0 with value: 0.00014987725740889883.
[I 2026-02-14 21:51:50,325] Trial 4 finished with value: 9.687410728402702e-05 and parameters: {'param_0': -0.25661076420765205, 'param_1': -0.011273339771189494, 'param_2': 0.9656384379597664, 'param_3': 1.4106064007697685, 'param_4': 1.7085026449823824, 'param_5': -0.8554394173660596, 'param_6': 0.6731459338717158, 'param_7': -1.9715202432185217, 'param_8': 0.12752548489289106, 'param_9': 0.7729277665967205, 'param_10': -1.8494133222498945, 'param_11': 0.8412398621007346, 'param_12': -1.2802069290166203, 'param_13': -1.4239982021244728, 'param_14': 1.9585841180871273, 'param_15': 1.7728759781234937, 'param_16': 1.8148219784301731, 'param_17': -1.6607887519980453, 'param_18': -0.34374364044995387, 'param_19': 0.7521309163043828}. Best is trial 0 with value: 0.00014987725740889883.
[I 2026-02-14 21:51:50,328] Trial 5 finished with value: 0.0001480510101206504 and parameters: {'param_0': 1.4801920354615348, 'param_1': 1.7220367674430501, 'param_2': 1.407255324029134, 'param_3': 0.17804573483132202, 'param_4': -1.5602197672345768, 'param_5': 1.170774756310105, 'param_6': -0.5176375142621108, 'param_7': -0.4719266201505503, 'param_8': -0.6252661181467176, 'param_9': -1.4876827273114905, 'param_10': -0.5695985484577375, 'param_11': -0.3314736416243438, 'param_12': -0.17103305686106607, 'param_13': -0.9287140086905228, 'param_14': -0.7257834235086982, 'param_15': 1.5606724602747026, 'param_16': 1.7888834044378594, 'param_17': 1.8185811870991446, 'param_18': 0.8805714203920378, 'param_19': 0.7017930073598251}. Best is trial 0 with value: 0.00014987725740889883.
[I 2026-02-14 21:51:50,330] Trial 6 finished with value: 0.00010621417679903454 and parameters: {'param_0': -1.515997929078706, 'param_1': 0.24381653521352842, 'param_2': 1.6361807249442193, 'param_3': 0.9060869413656945, 'param_4': 1.8600867228733757, 'param_5': 0.5904543329729623, 'param_6': 1.8909609636461928, 'param_7': 1.6046984819365102, 'param_8': 1.6469917488473955, 'param_9': -0.3254326787995514, 'param_10': 1.859499486687071, 'param_11': -0.8392881306378013, 'param_12': 1.2191398490600327, 'param_13': -1.3725147076929631, 'param_14': -1.8797531556371743, 'param_15': -1.734951931110905, 'param_16': -0.9749956776321076, 'param_17': 1.6964453774881907, 'param_18': 0.4862349880950867, 'param_19': 0.41524083379268895}. Best is trial 0 with value: 0.00014987725740889883.
[I 2026-02-14 21:51:50,333] Trial 7 finished with value: 0.00011387990301684581 and parameters: {'param_0': 1.1627427780704291, 'param_1': -1.3945577909303553, 'param_2': -0.2897003721649809, 'param_3': -0.9837076806137053, 'param_4': -0.5031531945075218, 'param_5': 0.07068531226146213, 'param_6': -1.2098053232245833, 'param_7': 1.2565240530135138, 'param_8': -0.9291560480655883, 'param_9': -1.3380500683576195, 'param_10': -1.5347471170353346, 'param_11': -0.9420178569185174, 'param_12': 0.053042963594637005, 'param_13': -0.05945231092363512, 'param_14': -0.673110504644407, 'param_15': -1.416990304592129, 'param_16': -1.4416936763098378, 'param_17': -1.4310293412105373, 'param_18': 0.6483246805004756, 'param_19': 0.7765700381943952}. Best is trial 0 with value: 0.00014987725740889883.
[I 2026-02-14 21:51:50,335] Trial 8 finished with value: 0.0001565026957187823 and parameters: {'param_0': -0.0028177180491097964, 'param_1': 1.2028938189719498, 'param_2': -0.09668283434913594, 'param_3': 1.0851958199692215, 'param_4': 1.7730550849517468, 'param_5': 0.7201308919235672, 'param_6': 1.9582207470384665, 'param_7': -1.5835787896886253, 'param_8': 0.08643954664594133, 'param_9': 0.5172804964000806, 'param_10': 1.281481841256574, 'param_11': -1.6175808568482872, 'param_12': -0.19896908353867815, 'param_13': 0.997491361169466, 'param_14': 0.5040734081756004, 'param_15': -1.809187857615393, 'param_16': 1.485062950588413, 'param_17': -1.072189245099651, 'param_18': 1.796510922407054, 'param_19': -0.8181270842488426}. Best is trial 8 with value: 0.0001565026957187823.
[I 2026-02-14 21:51:50,338] Trial 9 finished with value: 0.00013173669601322316 and parameters: {'param_0': 0.914259377193718, 'param_1': -0.1178642305083355, 'param_2': 1.580616038909132, 'param_3': -0.14232319109490055, 'param_4': -1.1295044931805238, 'param_5': 1.64385570078381, 'param_6': 1.8788874294293185, 'param_7': -0.9767725921587793, 'param_8': 1.7459103929701802, 'param_9': -0.3307154968533115, 'param_10': 0.6221706483799494, 'param_11': 1.2885109574672886, 'param_12': -0.2542005412474846, 'param_13': -0.8976950067884504, 'param_14': -0.20788706058553297, 'param_15': -1.5494880048004385, 'param_16': -0.21878027097022557, 'param_17': -0.6780979249312091, 'param_18': 1.7498714852720822, 'param_19': -1.9536140128773227}. Best is trial 8 with value: 0.0001565026957187823.
[I 2026-02-14 21:51:50,388] Trial 10 finished with value: 0.0001578254807114092 and parameters: {'param_0': -0.29924813928137173, 'param_1': 1.6070953058311317, 'param_2': -1.708303654359279, 'param_3': -1.9839409426632693, 'param_4': 0.7192169799855048, 'param_5': 1.8910599665535461, 'param_6': -1.6775854578066245, 'param_7': -1.9149228835659822, 'param_8': 0.6987586527861946, 'param_9': 1.8143888547203082, 'param_10': 1.8915123247263013, 'param_11': -1.8886351436857898, 'param_12': 0.35118266436087, 'param_13': 0.9483339430872967, 'param_14': -1.741506852299041, 'param_15': -0.6051683701509567, 'param_16': 0.7295157731424606, 'param_17': -0.869279798293521, 'param_18': -0.2682944472190858, 'param_19': -0.6016242167403824}. Best is trial 10 with value: 0.0001578254807114092.
[I 2026-02-14 21:51:50,441] Trial 11 finished with value: 0.0001593819291354792 and parameters: {'param_0': -0.39749148665102013, 'param_1': 1.6040799013475526, 'param_2': -1.8954434712543973, 'param_3': -1.9824904340254594, 'param_4': 0.6448514026716936, 'param_5': 1.8643541964729493, 'param_6': -1.5662380173243036, 'param_7': -1.7747933781258738, 'param_8': 0.7330951320715133, 'param_9': 1.941151803505443, 'param_10': 1.8228597982414194, 'param_11': -1.9915776170249107, 'param_12': 0.5491175364042924, 'param_13': 0.9902895405101501, 'param_14': -1.988513505314574, 'param_15': -0.6521137977134265, 'param_16': 0.7413395753070277, 'param_17': -0.9604603883624648, 'param_18': -0.5822325422055039, 'param_19': -0.6627598547378722}. Best is trial 11 with value: 0.0001593819291354792.
[I 2026-02-14 21:51:50,499] Trial 12 finished with value: 0.00015907882782295065 and parameters: {'param_0': -0.7048600719436848, 'param_1': 1.816053576683889, 'param_2': -1.8826772077405802, 'param_3': -1.974326886469455, 'param_4': 0.7402258268968579, 'param_5': 1.9298573344472858, 'param_6': -1.9952716628915916, 'param_7': -1.343292205766365, 'param_8': 0.8627427739305829, 'param_9': 1.970796105517423, 'param_10': 1.9151343675200114, 'param_11': -1.8899299293129947, 'param_12': 0.6771971144836582, 'param_13': 0.9024829422962906, 'param_14': -1.7235927077390274, 'param_15': -0.6094222696215329, 'param_16': 0.6315914706042755, 'param_17': -0.39785201580709617, 'param_18': -0.7968845548951619, 'param_19': -0.4592594614782316}. Best is trial 11 with value: 0.0001593819291354792.
[I 2026-02-14 21:51:50,552] Trial 13 finished with value: 0.0001561068825944438 and parameters: {'param_0': -0.752629607117752, 'param_1': 0.9215084021691508, 'param_2': -1.8559717937977458, 'param_3': -1.9971352552756718, 'param_4': 0.5959856497393163, 'param_5': 1.3966241275779492, 'param_6': -1.7109420602501384, 'param_7': -1.0565615191731446, 'param_8': 0.8872131377133632, 'param_9': 1.9856006701377094, 'param_10': 1.2397202417815545, 'param_11': -1.9845621736439107, 'param_12': 0.653317539345403, 'param_13': 0.9560641874779671, 'param_14': -1.364811771100432, 'param_15': -0.6458668360767453, 'param_16': 0.4327210547396548, 'param_17': -0.11388382530650026, 'param_18': -0.9068083255897129, 'param_19': -1.1292406349238568}. Best is trial 11 with value: 0.0001593819291354792.
[I 2026-02-14 21:51:50,590] Trial 14 finished with value: 0.00016136334412910385 and parameters: {'param_0': -0.8209212592540794, 'param_1': 1.8224014890406146, 'param_2': -1.246242316742851, 'param_3': -1.2141893959588503, 'param_4': 0.7940909045102903, 'param_5': 1.983723581599399, 'param_6': -0.9383771298852641, 'param_7': -1.2493447862267106, 'param_8': 1.2976451611837605, 'param_9': 1.3395384654734834, 'param_10': 1.7988511993446625, 'param_11': 0.2242121052961401, 'param_12': 1.7547803173952403, 'param_13': 0.4035197137301908, 'param_14': -1.2622212460236488, 'param_15': -0.5904429694641328, 'param_16': 0.274189867201532, 'param_17': -0.5155641631484579, 'param_18': -0.7772949931735522, 'param_19': -0.17386020181635742}. Best is trial 14 with value: 0.00016136334412910385.
[I 2026-02-14 21:51:50,618] Trial 15 finished with value: 0.0001538176980682635 and parameters: {'param_0': 0.37906687099644176, 'param_1': 1.179144186510695, 'param_2': -1.1387835331277367, 'param_3': -1.1648504548652756, 'param_4': 0.07860050579245137, 'param_5': 0.22248533097418166, 'param_6': -0.7530199958769421, 'param_7': -0.6673312951387711, 'param_8': 1.4194754619779437, 'param_9': 1.3440529153095415, 'param_10': 0.6147645318167392, 'param_11': 0.3852583415088549, 'param_12': 1.9880789501875877, 'param_13': 0.3095412813366499, 'param_14': -1.2788061063604421, 'param_15': -0.019484843004912416, 'param_16': -0.01852683597882879, 'param_17': 0.3252570192927809, 'param_18': -1.938697959953752, 'param_19': 0.16054645394000377}. Best is trial 14 with value: 0.00016136334412910385.
[I 2026-02-14 21:51:50,646] Trial 16 finished with value: 0.00014511056966590153 and parameters: {'param_0': 1.9813162367740755, 'param_1': 1.953831593008088, 'param_2': -1.2095795733293837, 'param_3': -1.2184731283330636, 'param_4': 1.0454828298341239, 'param_5': -1.8997608164286548, 'param_6': -0.5975845548808644, 'param_7': 0.44877951443188907, 'param_8': 1.970525576992906, 'param_9': 1.2731186358908917, 'param_10': 1.373750301338399, 'param_11': -0.10462631345688922, 'param_12': 1.807894393011892, 'param_13': 1.2621692694420255, 'param_14': -1.2737882088594392, 'param_15': -0.9761863277978914, 'param_16': -0.6081522183272945, 'param_17': -1.4018710634163456, 'param_18': 0.11225660991820907, 'param_19': 1.6311020905288787}. Best is trial 14 with value: 0.00016136334412910385.
[I 2026-02-14 21:51:50,673] Trial 17 finished with value: 0.00013920663952673334 and parameters: {'param_0': -0.9961273445226648, 'param_1': 0.7652427995114832, 'param_2': -0.6155853385335919, 'param_3': -0.6829029253063851, 'param_4': 0.11872853154796048, 'param_5': 1.262902910216999, 'param_6': -1.135842245215526, 'param_7': -1.4716406915161968, 'param_8': 0.5128078060291015, 'param_9': 1.297488895573573, 'param_10': 0.08974907364922666, 'param_11': 0.4261971466467597, 'param_12': 1.258734560842899, 'param_13': 0.42737202017414105, 'param_14': -1.99414583740964, 'param_15': 0.05748592203356362, 'param_16': -1.9709350845778315, 'param_17': -1.9268957752377374, 'param_18': -1.0259108584399623, 'param_19': -0.0877843483889088}. Best is trial 14 with value: 0.00016136334412910385.
[I 2026-02-14 21:51:50,701] Trial 18 finished with value: 0.0001602085875780444 and parameters: {'param_0': -1.1315867599487723, 'param_1': 1.2956775875168667, 'param_2': 0.4918040860856415, 'param_3': -1.3751777541005423, 'param_4': -0.5026371359838804, 'param_5': 1.5052216059252808, 'param_6': 0.2083420375454852, 'param_7': -0.9395562247015766, 'param_8': 1.3052788069651111, 'param_9': 0.15254821185277387, 'param_10': -0.6732250513900934, 'param_11': -0.3770687811682605, 'param_12': 0.8560065077385792, 'param_13': -0.26868983773063226, 'param_14': -0.20086095194736364, 'param_15': -1.139527022654138, 'param_16': 1.060544511758802, 'param_17': -0.5660057035666044, 'param_18': -0.45760112936270686, 'param_19': -1.4235909608238402}. Best is trial 14 with value: 0.00016136334412910385.
[I 2026-02-14 21:51:50,728] Trial 19 finished with value: 0.00015487387075411896 and parameters: {'param_0': -1.1531291468628433, 'param_1': 1.3030351340579998, 'param_2': 0.6501597159881174, 'param_3': -1.4775771620459246, 'param_4': -0.7103119774900565, 'param_5': 1.4198142572144585, 'param_6': -0.025021639178722632, 'param_7': -0.3230403865525684, 'param_8': 1.354762162098268, 'param_9': 0.06751486595687865, 'param_10': -0.8493215149587733, 'param_11': -0.3980302449925567, 'param_12': 1.5986616107300837, 'param_13': -1.990697679524454, 'param_14': -0.045173196237598245, 'param_15': -1.0298877953705043, 'param_16': 1.2237967272202004, 'param_17': 0.35265911173605546, 'param_18': 0.09775621931628627, 'param_19': -1.4954620516219534}. Best is trial 14 with value: 0.00016136334412910385.
[I 2026-02-14 21:51:50,775] Trial 20 finished with value: 0.0001520112324609469 and parameters: {'param_0': -0.7852414018268938, 'param_1': 0.5894588578000138, 'param_2': 0.3066107154314843, 'param_3': -0.6127323146449842, 'param_4': -1.9179867316990593, 'param_5': 0.9979924125706972, 'param_6': 0.0253471583959356, 'param_7': -0.9167392984877818, 'param_8': 1.2401459413427136, 'param_9': -0.6539173579267854, 'param_10': -0.616944376784268, 'param_11': 0.3553322010328597, 'param_12': 0.8768709134637679, 'param_13': -0.2788604638846215, 'param_14': -0.4718539419661649, 'param_15': 0.632047316052464, 'param_16': 0.1840005642013155, 'param_17': -0.28583610227970985, 'param_18': -1.346746308322749, 'param_19': -1.5571544086378633}. Best is trial 14 with value: 0.00016136334412910385.
[I 2026-02-14 21:51:50,824] Trial 21 finished with value: 0.0001530962752123878 and parameters: {'param_0': -0.36130950083256347, 'param_1': 1.4573313626792939, 'param_2': -1.4706613270633835, 'param_3': -1.5394505792400708, 'param_4': -0.3494610516159692, 'param_5': 1.9779893358508065, 'param_6': -1.1465554375003537, 'param_7': -1.3919148035830566, 'param_8': 0.5114970678594506, 'param_9': 1.461816213383588, 'param_10': -0.12936873802888038, 'param_11': 0.7243932553456854, 'param_12': 0.9497603293176209, 'param_13': 0.5308429547250741, 'param_14': -1.0702866585420905, 'param_15': -0.2730574629831889, 'param_16': 1.1518389579984776, 'param_17': -0.7044090350335297, 'param_18': -0.5037731158298919, 'param_19': -0.8646075954246355}. Best is trial 14 with value: 0.00016136334412910385.
[I 2026-02-14 21:51:50,872] Trial 22 finished with value: 0.0001511981486175414 and parameters: {'param_0': 0.22613012219850892, 'param_1': 0.9957725507605234, 'param_2': 0.2847124705717692, 'param_3': -1.5576638040166084, 'param_4': 0.41596161461742864, 'param_5': 1.5453503544428875, 'param_6': -0.11007805007817595, 'param_7': -1.730619669704416, 'param_8': 1.1529552977997843, 'param_9': 0.23659223102586344, 'param_10': -0.953861187084398, 'param_11': -1.3635650676817268, 'param_12': 0.37831048509235854, 'param_13': -0.49988010033860325, 'param_14': -0.9759196947544294, 'param_15': -1.1537814738505279, 'param_16': 0.2299718280330393, 'param_17': -1.1074921339370636, 'param_18': -0.5417661701255445, 'param_19': -1.013514165813949}. Best is trial 14 with value: 0.00016136334412910385.
[I 2026-02-14 21:51:50,951] Trial 23 finished with value: 0.00016578111431811624 and parameters: {'param_0': -1.2566514810412432, 'param_1': 1.935369396077876, 'param_2': -0.7542840052640529, 'param_3': -0.7339114005560091, 'param_4': 1.1001933852833519, 'param_5': 0.4493977614364564, 'param_6': 0.6016900313007041, 'param_7': -1.2166347609976764, 'param_8': -0.3381763682364475, 'param_9': 0.9227167356775555, 'param_10': 1.5548054724954044, 'param_11': -0.5672240764043477, 'param_12': 1.5181479876686552, 'param_13': 1.4792239514358312, 'param_14': -1.5654767798942149, 'param_15': -0.3337426721473771, 'param_16': 0.850960906973488, 'param_17': -0.5112198200003164, 'param_18': 0.010818332999684932, 'param_19': -0.4621431422490126}. Best is trial 23 with value: 0.00016578111431811624.
[I 2026-02-14 21:51:51,000] Trial 24 finished with value: 0.00016152102080735367 and parameters: {'param_0': -1.175284589680139, 'param_1': 1.9949011345341852, 'param_2': -0.3747077161441087, 'param_3': -0.5817017346903335, 'param_4': 1.0818984452225016, 'param_5': 0.363052127181533, 'param_6': 0.7820926780523594, 'param_7': -0.7420005504478195, 'param_8': -0.41209309867588656, 'param_9': 1.0640852859397354, 'param_10': 1.5440663361587204, 'param_11': -0.2670691954462263, 'param_12': 1.4410463524391297, 'param_13': 1.4491861963792483, 'param_14': 0.2419637702264878, 'param_15': -0.2214063386572973, 'param_16': 1.2889435323283505, 'param_17': -0.48428230496677044, 'param_18': 0.006719335094932943, 'param_19': 0.252530321338272}. Best is trial 23 with value: 0.00016578111431811624.
[I 2026-02-14 21:51:51,048] Trial 25 finished with value: 0.0001671535040146591 and parameters: {'param_0': -1.4907322738506705, 'param_1': 1.906914271191248, 'param_2': -0.5388311558981674, 'param_3': -0.7418467124822969, 'param_4': 1.0791748100076768, 'param_5': -0.2912184702663547, 'param_6': 0.9749469559127255, 'param_7': -0.5885883602447473, 'param_8': -0.40177381210707397, 'param_9': 1.0537047187638773, 'param_10': 0.9280687852708416, 'param_11': -0.6396613874962238, 'param_12': 1.566150074147031, 'param_13': 1.4801901898657668, 'param_14': 0.26986288957858173, 'param_15': -0.15047991580298614, 'param_16': 1.403389125327915, 'param_17': 0.086711167695939, 'param_18': 0.4130538746723039, 'param_19': 0.1847984109796036}. Best is trial 25 with value: 0.0001671535040146591.
[I 2026-02-14 21:51:51,097] Trial 26 finished with value: 0.0001727854666581367 and parameters: {'param_0': -1.9642155882167975, 'param_1': 1.9747961655740813, 'param_2': -0.44235908351697545, 'param_3': -0.5089866658041315, 'param_4': 1.1603116363139743, 'param_5': -0.2982789770895279, 'param_6': 1.0339688642190672, 'param_7': 0.2059263140347093, 'param_8': -0.35023349513216334, 'param_9': 1.0510197920669626, 'param_10': 0.9764078982503893, 'param_11': -0.6448569730838933, 'param_12': 1.4354704950770385, 'param_13': 1.5184225144004229, 'param_14': 0.2872646238184588, 'param_15': 0.4199832864937354, 'param_16': 1.4841361716919415, 'param_17': 0.08760566636218964, 'param_18': 0.37993434926477293, 'param_19': 0.2710254682135518}. Best is trial 26 with value: 0.0001727854666581367.
