[I 2026-02-14 21:51:51,166] Trial 27 finished with value: 0.00014996019085807173 and parameters: {'param_0': -1.6092757169112581, 'param_1': -0.5060947988451056, 'param_2': -0.7623547179730031, 'param_3': 0.29350835273518605, 'param_4': 1.2738796862684967, 'param_5': -0.15492054299580751, 'param_6': 1.0717078802982758, 'param_7': 0.6874941003250122, 'param_8': -0.28735177331087824, 'param_9': 0.40660780019640863, 'param_10': 0.8877688047277649, 'param_11': -0.7112990197668153, 'param_12': 1.1313555236189634, 'param_13': 1.466121566505091, 'param_14': 1.164229003446712, 'param_15': 1.0323923242398587, 'param_16': 1.451692076182672, 'param_17': 0.33051970296938804, 'param_18': 0.3269240901882275, 'param_19': 1.1782119936123276}. Best is trial 26 with value: 0.0001727854666581367.
[I 2026-02-14 21:51:51,236] Trial 28 finished with value: 0.00016378602482064824 and parameters: {'param_0': -1.8328220827460808, 'param_1': 1.4456352507651111, 'param_2': -0.4372038011667699, 'param_3': -0.367050268927231, 'param_4': 1.9994296641411622, 'param_5': -0.2581199725511736, 'param_6': 1.1589188689053342, 'param_7': 0.1692043810387283, 'param_8': -1.4038585481756936, 'param_9': 0.9222695282422165, 'param_10': 0.9452344120995975, 'param_11': -0.6337341186666732, 'param_12': 1.9680958245471885, 'param_13': 1.620389509337049, 'param_14': 0.22941709943043426, 'param_15': 0.2223715591306707, 'param_16': 1.983312676734079, 'param_17': -0.0022785628806723524, 'param_18': 0.9639410214796775, 'param_19': 0.4785100267847359}. Best is trial 26 with value: 0.0001727854666581367.
[I 2026-02-14 21:51:51,285] Trial 29 finished with value: 0.00014367878965777415 and parameters: {'param_0': -1.366977487100729, 'param_1': -0.3867791349800165, 'param_2': -0.9353766744684853, 'param_3': -0.8719976302202125, 'param_4': 1.0655208677934673, 'param_5': -1.5804027988544485, 'param_6': 0.4730959069434192, 'param_7': 0.9096453868866838, 'param_8': -1.9924142440431083, 'param_9': 1.014679258797873, 'param_10': 0.2314222515181854, 'param_11': -1.1891131106939963, 'param_12': 1.5891257189230894, 'param_13': 1.8662973095859705, 'param_14': 0.5609949389781764, 'param_15': 1.0903364245925629, 'param_16': 1.5623285332948134, 'param_17': 0.9865581649372509, 'param_18': 0.7091988068413164, 'param_19': 1.334356296090723}. Best is trial 26 with value: 0.0001727854666581367.
[I 2026-02-14 21:51:51,335] Trial 30 finished with value: 0.00016278990792271286 and parameters: {'param_0': -1.4082129521886486, 'param_1': 1.9752516297624794, 'param_2': 0.002138746718223339, 'param_3': -0.4161859761695722, 'param_4': 0.3549054331459142, 'param_5': -0.5064176251979241, 'param_6': 1.4895815078790982, 'param_7': -0.10538144789464715, 'param_8': -0.2549102045002397, 'param_9': 1.656860204557855, 'param_10': 0.8845325362017165, 'param_11': 0.04631468197291011, 'param_12': -0.8660190132166478, 'param_13': 1.967293594089726, 'param_14': 0.9983870645098194, 'param_15': 0.5798086596974529, 'param_16': 0.9351902445739905, 'param_17': 0.6186578942206501, 'param_18': 1.3215131725416054, 'param_19': -0.35695303958859936}. Best is trial 26 with value: 0.0001727854666581367.
[I 2026-02-14 21:51:51,364] Trial 31 finished with value: 0.00017221850302359562 and parameters: {'param_0': -1.9966504948700152, 'param_1': 1.4954969037020616, 'param_2': -0.6274243429799164, 'param_3': -0.3252434604034272, 'param_4': 1.9671809374159417, 'param_5': -0.24897518690541667, 'param_6': 0.8814510649785637, 'param_7': 0.18385527079856523, 'param_8': -1.2180726623059552, 'param_9': 0.9140013718800337, 'param_10': 0.9243803897411483, 'param_11': -0.6452648890888054, 'param_12': 1.893733118551297, 'param_13': 1.4788337737711725, 'param_14': 0.2325269421636727, 'param_15': 0.20585753832613252, 'param_16': 1.9577084346018476, 'param_17': 0.06880274571493661, 'param_18': 1.1987487953153, 'param_19': 0.4586187648585544}. Best is trial 26 with value: 0.0001727854666581367.
[I 2026-02-14 21:51:51,414] Trial 32 finished with value: 0.00017222329854408726 and parameters: {'param_0': -1.8851374177084177, 'param_1': 1.6008685730905108, 'param_2': -0.8131105328906099, 'param_3': 0.10036905023376941, 'param_4': 1.600645578326548, 'param_5': -0.3805170721736505, 'param_6': 0.8511263965246961, 'param_7': 0.5153342187323734, 'param_8': -0.8048488617802063, 'param_9': 0.7809044253202337, 'param_10': 1.527410211756522, 'param_11': -0.6042762426153996, 'param_12': 1.5604526951205606, 'param_13': 1.2458085621535213, 'param_14': 0.2438775280667576, 'param_15': 0.4212380767695067, 'param_16': 1.5975369467386706, 'param_17': 0.07364727867871917, 'param_18': 1.2137070183623246, 'param_19': 1.0064087256416319}. Best is trial 26 with value: 0.0001727854666581367.
[I 2026-02-14 21:51:51,484] Trial 33 finished with value: 0.00016977154841067704 and parameters: {'param_0': -1.8957374230204749, 'param_1': 1.5638730975467259, 'param_2': -0.972751360544927, 'param_3': 0.03077783087399122, 'param_4': 1.5112681452420784, 'param_5': -1.0320333488451952, 'param_6': 0.9033736042790453, 'param_7': 0.6447114972451419, 'param_8': -0.9228076563587508, 'param_9': 0.5729833779901068, 'param_10': 0.3726805733450457, 'param_11': -1.3761718853258866, 'param_12': 1.6881698541921528, 'param_13': 1.2185931295230685, 'param_14': 0.3365749005834896, 'param_15': 0.4885091116256047, 'param_16': 1.9608110299548263, 'param_17': 0.16329953473243114, 'param_18': 1.4028297868882298, 'param_19': 0.9523508733499785}. Best is trial 26 with value: 0.0001727854666581367.
[I 2026-02-14 21:51:51,534] Trial 34 finished with value: 0.0001666316582982109 and parameters: {'param_0': -1.932690003680886, 'param_1': 0.9750577258215819, 'param_2': -0.9984568185253933, 'param_3': 0.4884276647780376, 'param_4': 1.4885686218970013, 'param_5': -1.0396939611516147, 'param_6': 1.5137335353146422, 'param_7': 0.5395656535259203, 'param_8': -1.0644517927415362, 'param_9': 0.4699289788108112, 'param_10': 0.23663403128944316, 'param_11': -1.4146788724902737, 'param_12': 1.741043414024052, 'param_13': 0.6823592204781492, 'param_14': 0.763027203338221, 'param_15': 0.39269333758935143, 'param_16': 1.9727159392525653, 'param_17': 0.8684619623347709, 'param_18': 1.3789148441947376, 'param_19': 1.032701540986159}. Best is trial 26 with value: 0.0001727854666581367.
[I 2026-02-14 21:51:51,604] Trial 35 finished with value: 0.00016283856412331878 and parameters: {'param_0': -1.9945626859614884, 'param_1': 1.5581961291126885, 'param_2': -0.15318974754426778, 'param_3': 0.06631784877433274, 'param_4': 1.5166574016279943, 'param_5': -1.273301463185791, 'param_6': 0.8901094953855139, 'param_7': 0.9551554125437309, 'param_8': -1.1745639351631705, 'param_9': 0.6672766275267531, 'param_10': 0.46472325738885145, 'param_11': -1.067480920695177, 'param_12': 1.1374803803635563, 'param_13': 1.2113427191172361, 'param_14': 0.38778297285024826, 'param_15': 0.3144461197104107, 'param_16': 1.6753953331222173, 'param_17': 0.1561238242053712, 'param_18': 1.112568934289524, 'param_19': 1.6213672389116167}. Best is trial 26 with value: 0.0001727854666581367.
[I 2026-02-14 21:51:51,672] Trial 36 finished with value: 0.0001554642897320378 and parameters: {'param_0': -1.696832101416494, 'param_1': 0.4066508274201046, 'param_2': -1.517377995785994, 'param_3': 1.8709175612497766, 'param_4': 1.6230972813674855, 'param_5': -0.5511231273247417, 'param_6': 1.2803662850453634, 'param_7': 0.14376842225916697, 'param_8': -0.7492730989420624, 'param_9': -0.19332700540870862, 'param_10': 1.1162794347615759, 'param_11': 1.9998559612442446, 'param_12': -1.994642831119156, 'param_13': 1.7354108100639651, 'param_14': 1.6357073179855526, 'param_15': 1.3235256750708377, 'param_16': 1.7517901854410243, 'param_17': 0.5978871173202273, 'param_18': 1.9961149329824068, 'param_19': 0.9892806063964192}. Best is trial 26 with value: 0.0001727854666581367.
[I 2026-02-14 21:51:51,702] Trial 37 finished with value: 0.00015527261501111249 and parameters: {'param_0': -1.750283933979556, 'param_1': 0.7083888555118945, 'param_2': -0.694531483129993, 'param_3': -0.16563290490611438, 'param_4': 1.9793784186956433, 'param_5': -0.8137905957789869, 'param_6': 0.3923602604557733, 'param_7': 0.8075426344102168, 'param_8': -1.7225341274484087, 'param_9': -1.0268046840193403, 'param_10': -0.36724623479468665, 'param_11': -1.576761062779099, 'param_12': 1.9899900325806326, 'param_13': 1.2223723379739886, 'param_14': 0.7459703757855092, 'param_15': 0.5563833360672432, 'param_16': 1.919293928701365, 'param_17': 1.0429373682765881, 'param_18': 1.4189665373441944, 'param_19': 0.4981834240117579}. Best is trial 26 with value: 0.0001727854666581367.
[I 2026-02-14 21:51:51,733] Trial 38 finished with value: 0.00011992838903802377 and parameters: {'param_0': -1.9659894684390093, 'param_1': -1.4228708054100887, 'param_2': 0.13561315768853244, 'param_3': 0.40760065341373597, 'param_4': 1.7695244924408169, 'param_5': -1.203343311888926, 'param_6': 1.3081132776088575, 'param_7': 1.8136083292084684, 'param_8': -0.7271894255253311, 'param_9': 0.7118211002074033, 'param_10': 0.42176271312918723, 'param_11': -0.9370739480807149, 'param_12': 1.355956840221313, 'param_13': 0.6486995699387075, 'param_14': -0.0513820776205981, 'param_15': 0.8097975122307007, 'param_16': 1.6637936725445837, 'param_17': 1.550033127359006, 'param_18': 1.1481764910727112, 'param_19': 0.8529714046493305}. Best is trial 26 with value: 0.0001727854666581367.
[I 2026-02-14 21:51:51,763] Trial 39 finished with value: 0.00017497931530472105 and parameters: {'param_0': -1.593564251797304, 'param_1': 1.4053781926488174, 'param_2': -0.9580701750906674, 'param_3': 0.08197365930727207, 'param_4': 1.3628149765045088, 'param_5': -0.049339236270885656, 'param_6': 1.6477141467519023, 'param_7': 0.39265533851155526, 'param_8': -1.3815763708552493, 'param_9': 0.3333830965266249, 'param_10': 1.5886786461852769, 'param_11': -1.2168876293177562, 'param_12': -1.5572498679283435, 'param_13': 0.10327901615296287, 'param_14': -0.32473408510264673, 'param_15': 0.18204685663352752, 'param_16': 1.3789626150131267, 'param_17': 1.273141483545833, 'param_18': 1.6101200125114945, 'param_19': 1.4536250636872616}. Best is trial 39 with value: 0.00017497931530472105.
[I 2026-02-14 21:51:51,794] Trial 40 finished with value: 0.00012365461475474963 and parameters: {'param_0': -1.5863770092713145, 'param_1': -0.9938685834335954, 'param_2': -0.27810888455033755, 'param_3': 0.6614146496447685, 'param_4': 1.2733082111017524, 'param_5': 0.02988142754014836, 'param_6': 1.6807303694232176, 'param_7': 0.3257650919271059, 'param_8': -1.2964968845623925, 'param_9': 0.35363567754050473, 'param_10': 1.5180856426472, 'param_11': -0.07042684643974861, 'param_12': -1.407411679559578, 'param_13': 0.057203055419178986, 'param_14': -0.522960000633947, 'param_15': 0.16358055843306002, 'param_16': 1.323713206400451, 'param_17': 1.9824186712717844, 'param_18': 1.5330173652796297, 'param_19': 1.9767474887237084}. Best is trial 39 with value: 0.00017497931530472105.
[I 2026-02-14 21:51:51,824] Trial 41 finished with value: 0.00017083138161054777 and parameters: {'param_0': -1.7415997591862955, 'param_1': 1.6650287339336822, 'param_2': -1.0197011470361554, 'param_3': -0.006651765323448466, 'param_4': 1.325388095897716, 'param_5': -0.46411764817118084, 'param_6': 0.7293970127963297, 'param_7': 0.014467598614673338, 'param_8': -0.9086672805391023, 'param_9': 0.6777638357649817, 'param_10': 0.7686879941672382, 'param_11': -1.1753217830852731, 'param_12': -0.804481293719036, 'param_13': 1.6275934367052163, 'param_14': -0.2843715947814887, 'param_15': 0.4211222743161808, 'param_16': 1.594090055808878, 'param_17': 1.5145936772902096, 'param_18': 1.5818699476012688, 'param_19': 1.5143555434849247}. Best is trial 39 with value: 0.00017497931530472105.
[I 2026-02-14 21:51:51,855] Trial 42 finished with value: 0.00016877784508982134 and parameters: {'param_0': -1.7284148025345991, 'param_1': 1.7246463531197969, 'param_2': -1.306137275860773, 'param_3': -0.3698056509038125, 'param_4': 1.3677572138125338, 'param_5': -0.4463515648341696, 'param_6': 0.6229118804246501, 'param_7': -0.20569050041713927, 'param_8': -1.5870846222235184, 'param_9': 0.8100593123292115, 'param_10': 1.0553787950055873, 'param_11': -1.117441140816182, 'param_12': -1.5498665806053604, 'param_13': 1.6707493665034714, 'param_14': -0.2931081148368827, 'param_15': 0.7226525178008307, 'param_16': 1.5692922773595808, 'param_17': 1.2368876712703107, 'param_18': 1.6352817210233295, 'param_19': 1.5917325655777317}. Best is trial 39 with value: 0.00017497931530472105.
[I 2026-02-14 21:51:51,885] Trial 43 finished with value: 0.00017237066507792655 and parameters: {'param_0': -1.5453636503127537, 'param_1': 1.3438441340246543, 'param_2': -0.8249165534533548, 'param_3': 0.7690055445378262, 'param_4': 1.6588572689205785, 'param_5': -0.10582923861451021, 'param_6': 1.3873131550535422, 'param_7': 0.07371720532148177, 'param_8': -0.5981269264652768, 'param_9': -0.059195453971548906, 'param_10': 0.6729193305799261, 'param_11': -0.8293697447793643, 'param_12': -1.0771225158961095, 'param_13': 1.929131252824995, 'param_14': 0.06407560270770762, 'param_15': -0.015624311171203276, 'param_16': 1.7488335413850418, 'param_17': 1.4182656224196808, 'param_18': 1.8989538707107014, 'param_19': 1.8882036765808907}. Best is trial 39 with value: 0.00017497931530472105.
[I 2026-02-14 21:51:51,916] Trial 44 finished with value: 0.0001637567441342764 and parameters: {'param_0': -1.383546665825642, 'param_1': 1.1312726774391069, 'param_2': -0.48778839365597715, 'param_3': 0.6952023820340585, 'param_4': 1.7120105878491485, 'param_5': -0.11288599212602957, 'param_6': 1.394812153522871, 'param_7': 0.2257085966896874, 'param_8': -0.03272948413023846, 'param_9': -0.2020456902740177, 'param_10': 1.6788163121605553, 'param_11': -0.8006434660477041, 'param_12': -1.1151730690642045, 'param_13': 1.9555401943680724, 'param_14': 0.06516555331353382, 'param_15': -0.019590905477806286, 'param_16': 1.7743737459708793, 'param_17': 0.6322793581383526, 'param_18': 1.9957953506027049, 'param_19': 1.9396602446518425}. Best is trial 39 with value: 0.00017497931530472105.
[I 2026-02-14 21:51:51,966] Trial 45 finished with value: 0.00017543985514211337 and parameters: {'param_0': -1.5793831290973488, 'param_1': 1.4327133413289586, 'param_2': -1.4420454933969342, 'param_3': 1.4538823989860359, 'param_4': 1.6383138067727219, 'param_5': 0.19637092692252847, 'param_6': 1.6508266797907531, 'param_7': 0.4174224926230702, 'param_8': -0.5609783448437842, 'param_9': -0.6966564575392699, 'param_10': 1.367162262885639, 'param_11': -0.49396655301536596, 'param_12': -0.45123743614788614, 'param_13': 0.7489477167288645, 'param_14': 0.07754800319937183, 'param_15': -0.44680745004012906, 'param_16': 1.366389869063231, 'param_17': 1.2968790966735804, 'param_18': 0.8629807319924082, 'param_19': 1.2890954056192798}. Best is trial 45 with value: 0.00017543985514211337.
[I 2026-02-14 21:51:52,017] Trial 46 finished with value: 0.00016545993263998858 and parameters: {'param_0': -0.9745347844248509, 'param_1': 1.3049353981102785, 'param_2': -1.5457743508463961, 'param_3': 1.2742772750941147, 'param_4': 0.89041532346216, 'param_5': 0.2881917797278307, 'param_6': 1.702771350000158, 'param_7': 0.40790652364892105, 'param_8': -0.6848706397852461, 'param_9': -0.6194850965429036, 'param_10': 1.341599857087616, 'param_11': -0.4585222146723045, 'param_12': -0.5695721182664802, 'param_13': 0.7855636786983231, 'param_14': 0.08153678081686747, 'param_15': -0.4061943783261908, 'param_16': 1.1158875537568487, 'param_17': 1.321270477991864, 'param_18': 0.7572320336671425, 'param_19': 1.7815055953403152}. Best is trial 45 with value: 0.00017543985514211337.
[I 2026-02-14 21:51:52,048] Trial 47 finished with value: 0.0001450382699516226 and parameters: {'param_0': -1.5600513162410257, 'param_1': 0.054173700931364546, 'param_2': -1.3624042928964712, 'param_3': 1.6160843606467066, 'param_4': 1.7315794878070458, 'param_5': 0.13957568949424096, 'param_6': 1.7989165257548727, 'param_7': 1.32904270864467, 'param_8': -0.06143645124833008, 'param_9': -1.873064716623264, 'param_10': 1.9839976502483494, 'param_11': -0.8956243486295508, 'param_12': -1.6973465598428197, 'param_13': 1.0906564133666126, 'param_14': -0.5009280656994484, 'param_15': 1.948822472293701, 'param_16': 1.0021646150059031, 'param_17': 1.4543590368363981, 'param_18': 1.7903015533630853, 'param_19': 1.3537364085506056}. Best is trial 45 with value: 0.00017543985514211337.
[I 2026-02-14 21:51:52,080] Trial 48 finished with value: 0.00013983492190033488 and parameters: {'param_0': 0.7951957315269027, 'param_1': 1.0412048105276186, 'param_2': -0.8758179271650652, 'param_3': 0.8798369807157129, 'param_4': 1.5919810621855752, 'param_5': 0.5269434263567974, 'param_6': 1.6208080515433132, 'param_7': 1.1103554380726157, 'param_8': -0.5335472825483711, 'param_9': -0.5983918471405947, 'param_10': 1.3882133766964322, 'param_11': -0.2210209670107321, 'param_12': -1.117642868014713, 'param_13': 0.14869721835395344, 'param_14': -0.7109010639649567, 'param_15': -0.44384424952865564, 'param_16': 0.5605815721512764, 'param_17': 1.644472271332333, 'param_18': 0.987704525264537, 'param_19': 1.1823129374055728}. Best is trial 45 with value: 0.00017543985514211337.
[I 2026-02-14 21:51:52,111] Trial 49 finished with value: 0.00016508705682626877 and parameters: {'param_0': -0.5850400251470611, 'param_1': 1.7219810524101617, 'param_2': -1.6847343384392461, 'param_3': 1.1167749891166752, 'param_4': 1.2361506802967988, 'param_5': 0.737362547141809, 'param_6': 1.9588926721590516, 'param_7': -0.017533274897590156, 'param_8': -0.5806092495492055, 'param_9': -0.9882921125513267, 'param_10': 1.199787846179686, 'param_11': -1.5358577506869056, 'param_12': -0.5217456927487532, 'param_13': -0.8704547287418228, 'param_14': 0.4998806949287969, 'param_15': -0.7901418799606099, 'param_16': 1.3757240185286999, 'param_17': 1.768892865804502, 'param_18': 0.5547967795620063, 'param_19': 0.6516223492595536}. Best is trial 45 with value: 0.00017543985514211337.
